<?xml version="1.0" encoding="UTF-8"?>
<!-- Generated by org.testng.reporters.JUnitReportReporter -->
<testsuite hostname="DESKTOP-EIKMQID" failures="0" tests="2" name="testNGPackage2.MethodExecution" time="0.035" errors="0" timestamp="2023-05-24T10:19:14 IST" skipped="0">
  <testcase classname="testNGPackage2.MethodExecution" name="method1" time="0.018"/>
  <system-out>
    <![CDATA[18 : is the thread id of the method
method1]]>
  </system-out>
  <testcase classname="testNGPackage2.MethodExecution" name="method2" time="0.017"/>
  <system-out>
    <![CDATA[19 :is the thread id of method
method2]]>
  </system-out>
</testsuite> <!-- testNGPackage2.MethodExecution -->
