<?xml version="1.0" encoding="UTF-8"?>
<!-- Generated by org.testng.reporters.JUnitReportReporter -->
<testsuite hostname="DESKTOP-EIKMQID" failures="0" tests="2" name="testNGpackage.Demo" time="0.015" errors="0" timestamp="2023-05-22T12:10:20 IST" skipped="0">
  <testcase classname="testNGpackage.Demo" name="f" time="0.013"/>
  <system-out>
    <![CDATA[hi TestNG]]>
  </system-out>
  <testcase classname="testNGpackage.Demo" name="g" time="0.002"/>
  <system-out>
    <![CDATA[Hii Java]]>
  </system-out>
</testsuite> <!-- testNGpackage.Demo -->
