<?xml version="1.0" encoding="UTF-8"?>
<!-- Generated by org.testng.reporters.JUnitReportReporter -->
<testsuite hostname="DESKTOP-EIKMQID" failures="0" tests="1" name="testNGpackage.Remo" time="0.005" errors="0" timestamp="2023-05-22T12:05:01 IST" skipped="0">
  <testcase classname="testNGpackage.Remo" name="r" time="0.005"/>
  <system-out>
    <![CDATA[Heyy Java]]>
  </system-out>
</testsuite> <!-- testNGpackage.Remo -->
