<?xml version="1.0" encoding="UTF-8"?>
<!-- Generated by org.testng.reporters.JUnitReportReporter -->
<testsuite hostname="DESKTOP-EIKMQID" failures="0" tests="1" name="testNGPackage2.Test4" time="27.569" errors="0" timestamp="2023-05-24T10:38:06 IST" skipped="0">
  <testcase classname="testNGPackage2.Test4" name="test4" time="27.569"/>
  <system-out/>
</testsuite> <!-- testNGPackage2.Test4 -->
