<?xml version="1.0" encoding="UTF-8"?>
<!-- Generated by org.testng.reporters.JUnitReportReporter -->
<testsuite hostname="DESKTOP-EIKMQID" failures="0" tests="3" name="testNGAnnotations.GoogleSearchTestcase" time="27.733" errors="0" timestamp="2023-05-26T10:01:11 IST" skipped="0">
  <testcase classname="testNGAnnotations.GoogleSearchTestcase" name="search1" time="11.951"/>
  <system-out/>
  <testcase classname="testNGAnnotations.GoogleSearchTestcase" name="search2" time="7.984"/>
  <system-out/>
  <testcase classname="testNGAnnotations.GoogleSearchTestcase" name="search3" time="7.798"/>
  <system-out/>
</testsuite> <!-- testNGAnnotations.GoogleSearchTestcase -->
