<?xml version="1.0" encoding="UTF-8"?>
<!-- Generated by org.testng.reporters.JUnitReportReporter -->
<testsuite hostname="DESKTOP-EIKMQID" failures="0" tests="2" name="testNGFlags.Flag2" time="0.016" errors="0" timestamp="2023-05-26T10:11:59 IST" skipped="1">
  <testcase classname="testNGFlags.Flag2" name="method1" time="0.016"/>
  <system-out>
    <![CDATA[login Performed]]>
  </system-out>
  <testcase classname="testNGFlags.Flag2" name="method2">
    <skipped/>
  </testcase> <!-- method2 -->
  <system-out/>
</testsuite> <!-- testNGFlags.Flag2 -->
