<?xml version="1.0" encoding="UTF-8"?>
<!-- Generated by org.testng.reporters.JUnitReportReporter -->
<testsuite hostname="DESKTOP-EIKMQID" failures="0" tests="1" name="testNGPackage2.Test3" time="6.692" errors="0" timestamp="2023-05-24T09:38:44 IST" skipped="0">
  <testcase classname="testNGPackage2.Test3" name="test3" time="6.692"/>
  <system-out/>
</testsuite> <!-- testNGPackage2.Test3 -->
