<?xml version="1.0" encoding="UTF-8"?>
<!-- Generated by org.testng.reporters.JUnitReportReporter -->
<testsuite hostname="DESKTOP-EIKMQID" failures="0" tests="1" name="testNGpackage.Sumo" time="0.014" errors="0" timestamp="2023-05-22T12:05:01 IST" skipped="0">
  <testcase classname="testNGpackage.Sumo" name="s" time="0.014"/>
  <system-out>
    <![CDATA[Hiii Selenium]]>
  </system-out>
</testsuite> <!-- testNGpackage.Sumo -->
