<?xml version="1.0" encoding="UTF-8"?>
<!-- Generated by org.testng.reporters.JUnitReportReporter -->
<testsuite hostname="DESKTOP-EIKMQID" failures="0" tests="1" name="testNGPackage2.DemoTest2" time="0.015" errors="0" timestamp="2023-05-23T09:47:57 IST" skipped="0">
  <testcase classname="testNGPackage2.DemoTest2" name="f1" time="0.015"/>
  <system-out>
    <![CDATA[f1 method from DemoTest2]]>
  </system-out>
</testsuite> <!-- testNGPackage2.DemoTest2 -->
