<?xml version="1.0" encoding="UTF-8"?>
<!-- Generated by org.testng.reporters.JUnitReportReporter -->
<testsuite hostname="DESKTOP-EIKMQID" failures="0" tests="2" name="testNGExecution.SelectBrowser" time="8.887" errors="0" timestamp="2023-05-25T11:06:58 IST" skipped="0">
  <testcase classname="testNGExecution.SelectBrowser" name="method1" time="4.301"/>
  <system-out/>
  <testcase classname="testNGExecution.SelectBrowser" name="method1" time="4.586"/>
  <system-out/>
</testsuite> <!-- testNGExecution.SelectBrowser -->
