<?xml version="1.0" encoding="UTF-8"?>
<!-- Generated by org.testng.reporters.JUnitReportReporter -->
<testsuite hostname="DESKTOP-EIKMQID" failures="0" tests="1" name="testNGPackage2.Test1" time="6.986" errors="0" timestamp="2023-05-24T09:38:44 IST" skipped="0">
  <testcase classname="testNGPackage2.Test1" name="test1" time="6.986"/>
  <system-out/>
</testsuite> <!-- testNGPackage2.Test1 -->
