<?xml version="1.0" encoding="UTF-8"?>
<!-- Generated by org.testng.reporters.JUnitReportReporter -->
<testsuite hostname="DESKTOP-EIKMQID" failures="0" tests="12" name="testNGFlags.Flags7" time="0.105" errors="0" timestamp="2023-05-28T08:35:28 IST" skipped="0">
  <testcase classname="testNGFlags.Flags7" name="ft1" time="0.021"/>
  <system-out>
    <![CDATA[FTC1]]>
  </system-out>
  <testcase classname="testNGFlags.Flags7" name="ft3" time="0.018"/>
  <system-out>
    <![CDATA[FTC3]]>
  </system-out>
  <testcase classname="testNGFlags.Flags7" name="st1" time="0.005"/>
  <system-out>
    <![CDATA[STC1]]>
  </system-out>
  <testcase classname="testNGFlags.Flags7" name="st3" time="0.004"/>
  <system-out>
    <![CDATA[STC3]]>
  </system-out>
  <testcase classname="testNGFlags.Flags7" name="st4" time="0.011"/>
  <system-out>
    <![CDATA[STC4]]>
  </system-out>
  <testcase classname="testNGFlags.Flags7" name="st5" time="0.007"/>
  <system-out>
    <![CDATA[STC5]]>
  </system-out>
  <testcase classname="testNGFlags.Flags7" name="ft6" time="0.008"/>
  <system-out>
    <![CDATA[FTC6]]>
  </system-out>
  <testcase classname="testNGFlags.Flags7" name="ft2" time="0.007"/>
  <system-out>
    <![CDATA[FTC2]]>
  </system-out>
  <testcase classname="testNGFlags.Flags7" name="st6" time="0.006"/>
  <system-out>
    <![CDATA[STC6]]>
  </system-out>
  <testcase classname="testNGFlags.Flags7" name="st2" time="0.007"/>
  <system-out>
    <![CDATA[STC2]]>
  </system-out>
  <testcase classname="testNGFlags.Flags7" name="ft4" time="0.008"/>
  <system-out>
    <![CDATA[FTC4]]>
  </system-out>
  <testcase classname="testNGFlags.Flags7" name="ft5" time="0.003"/>
  <system-out>
    <![CDATA[FTC5]]>
  </system-out>
</testsuite> <!-- testNGFlags.Flags7 -->
